# JRE version: OpenJDK Runtime Environment (21.0.5) (build 21.0.5+-13047016-b750.29)
# Java VM: OpenJDK 64-Bit Server VM (21.0.5+-13047016-b750.29, mixed mode, tiered, compressed oops, compressed class ptrs, g1 gc, windows-amd64)
GC Precious Log:
 CardTable entry size: 512
 Card Set container configuration: InlinePtr #cards 5 size 8 Array Of Cards #cards 12 size 40 Howl #buckets 4 coarsen threshold 1843 Howl Bitmap #cards 512 size 80 coarsen threshold 460 Card regions per heap region 1 cards per card region 2048
 CPUs: 8 total, 8 available
 Memory: 8083M
 Large Page Support: Disabled
 NUMA Support: Disabled
 Compressed Oops: Enabled (32-bit)
 Heap Region Size: 1M
 Heap Min Capacity: 8M
 Heap Initial Capacity: 128M
 Heap Max Capacity: 2022M
 Pre-touch: Disabled
 Parallel Workers: 8
 Concurrent Workers: 2
 Concurrent Refinement Workers: 8
 Periodic GC: Disabled
Heap:
 garbage-first heap   total 88064K, used 45734K [0x0000000081a00000, 0x0000000100000000)
  region size 1024K, 26 young (26624K), 3 survivors (3072K)
 Metaspace       used 29672K, committed 29952K, reserved 1114112K
  class space    used 3124K, committed 3264K, reserved 1048576K
GC Heap History (18 events):
Event: 0.587 GC heap before
{Heap before GC invocations=0 (full 0):
 garbage-first heap   total 131072K, used 23552K [0x0000000081a00000, 0x0000000100000000)
  region size 1024K, 23 young (23552K), 0 survivors (0K)
 Metaspace       used 14507K, committed 14656K, reserved 1114112K
  class space    used 1484K, committed 1536K, reserved 1048576K
}
Event: 0.593 GC heap after
{Heap after GC invocations=1 (full 0):
 garbage-first heap   total 131072K, used 3800K [0x0000000081a00000, 0x0000000100000000)
  region size 1024K, 3 young (3072K), 3 survivors (3072K)
 Metaspace       used 14507K, committed 14656K, reserved 1114112K
  class space    used 1484K, committed 1536K, reserved 1048576K
}
Event: 1.067 GC heap before
{Heap before GC invocations=1 (full 0):
 garbage-first heap   total 131072K, used 35544K [0x0000000081a00000, 0x0000000100000000)
  region size 1024K, 34 young (34816K), 3 survivors (3072K)
 Metaspace       used 19934K, committed 20096K, reserved 1114112K
  class space    used 2150K, committed 2240K, reserved 1048576K
}
Event: 1.073 GC heap after
{Heap after GC invocations=2 (full 0):
 garbage-first heap   total 131072K, used 6141K [0x0000000081a00000, 0x0000000100000000)
  region size 1024K, 3 young (3072K), 3 survivors (3072K)
 Metaspace       used 19934K, committed 20096K, reserved 1114112K
  class space    used 2150K, committed 2240K, reserved 1048576K
}
Event: 1.226 GC heap before
{Heap before GC invocations=2 (full 0):
 garbage-first heap   total 131072K, used 14333K [0x0000000081a00000, 0x0000000100000000)
  region size 1024K, 12 young (12288K), 3 survivors (3072K)
 Metaspace       used 21311K, committed 21504K, reserved 1114112K
  class space    used 2341K, committed 2432K, reserved 1048576K
}
Event: 1.230 GC heap after
{Heap after GC invocations=3 (full 0):
 garbage-first heap   total 131072K, used 6798K [0x0000000081a00000, 0x0000000100000000)
  region size 1024K, 3 young (3072K), 3 survivors (3072K)
 Metaspace       used 21311K, committed 21504K, reserved 1114112K
  class space    used 2341K, committed 2432K, reserved 1048576K
}
Event: 1.594 GC heap before
{Heap before GC invocations=4 (full 0):
 garbage-first heap   total 24576K, used 24206K [0x0000000081a00000, 0x0000000100000000)
  region size 1024K, 20 young (20480K), 3 survivors (3072K)
 Metaspace       used 24580K, committed 24768K, reserved 1114112K
  class space    used 2685K, committed 2752K, reserved 1048576K
}
Event: 1.604 GC heap after
{Heap after GC invocations=5 (full 0):
 garbage-first heap   total 30720K, used 9378K [0x0000000081a00000, 0x0000000100000000)
  region size 1024K, 6 young (6144K), 6 survivors (6144K)
 Metaspace       used 24580K, committed 24768K, reserved 1114112K
  class space    used 2685K, committed 2752K, reserved 1048576K
}
Event: 1.723 GC heap before
{Heap before GC invocations=5 (full 0):
 garbage-first heap   total 30720K, used 21666K [0x0000000081a00000, 0x0000000100000000)
  region size 1024K, 18 young (18432K), 6 survivors (6144K)
 Metaspace       used 24726K, committed 24960K, reserved 1114112K
  class space    used 2686K, committed 2752K, reserved 1048576K
}
Event: 1.733 GC heap after
{Heap after GC invocations=6 (full 0):
 garbage-first heap   total 30720K, used 10691K [0x0000000081a00000, 0x0000000100000000)
  region size 1024K, 2 young (2048K), 2 survivors (2048K)
 Metaspace       used 24726K, committed 24960K, reserved 1114112K
  class space    used 2686K, committed 2752K, reserved 1048576K
}
Event: 1.892 GC heap before
{Heap before GC invocations=6 (full 0):
 garbage-first heap   total 30720K, used 24003K [0x0000000081a00000, 0x0000000100000000)
  region size 1024K, 15 young (15360K), 2 survivors (2048K)
 Metaspace       used 25348K, committed 25600K, reserved 1114112K
  class space    used 2760K, committed 2880K, reserved 1048576K
}
Event: 1.897 GC heap after
{Heap after GC invocations=7 (full 0):
 garbage-first heap   total 80896K, used 13024K [0x0000000081a00000, 0x0000000100000000)
  region size 1024K, 2 young (2048K), 2 survivors (2048K)
 Metaspace       used 25348K, committed 25600K, reserved 1114112K
  class space    used 2760K, committed 2880K, reserved 1048576K
}
Event: 2.421 GC heap before
{Heap before GC invocations=7 (full 0):
 garbage-first heap   total 80896K, used 59104K [0x0000000081a00000, 0x0000000100000000)
  region size 1024K, 47 young (48128K), 2 survivors (2048K)
 Metaspace       used 25853K, committed 26112K, reserved 1114112K
  class space    used 2765K, committed 2880K, reserved 1048576K
}
Event: 2.433 GC heap after
{Heap after GC invocations=8 (full 0):
 garbage-first heap   total 80896K, used 16988K [0x0000000081a00000, 0x0000000100000000)
  region size 1024K, 6 young (6144K), 6 survivors (6144K)
 Metaspace       used 25853K, committed 26112K, reserved 1114112K
  class space    used 2765K, committed 2880K, reserved 1048576K
}
Event: 2.906 GC heap before
{Heap before GC invocations=8 (full 0):
 garbage-first heap   total 80896K, used 69212K [0x0000000081a00000, 0x0000000100000000)
  region size 1024K, 38 young (38912K), 6 survivors (6144K)
 Metaspace       used 27081K, committed 27392K, reserved 1114112K
  class space    used 2886K, committed 3008K, reserved 1048576K
}
Event: 2.918 GC heap after
{Heap after GC invocations=9 (full 0):
 garbage-first heap   total 80896K, used 39364K [0x0000000081a00000, 0x0000000100000000)
  region size 1024K, 4 young (4096K), 4 survivors (4096K)
 Metaspace       used 27081K, committed 27392K, reserved 1114112K
  class space    used 2886K, committed 3008K, reserved 1048576K
}
Event: 3.274 GC heap before
{Heap before GC invocations=9 (full 0):
 garbage-first heap   total 80896K, used 80324K [0x0000000081a00000, 0x0000000100000000)
  region size 1024K, 32 young (32768K), 4 survivors (4096K)
 Metaspace       used 28168K, committed 28480K, reserved 1114112K
  class space    used 2978K, committed 3136K, reserved 1048576K
}
Event: 3.285 GC heap after
{Heap after GC invocations=10 (full 0):
 garbage-first heap   total 88064K, used 21158K [0x0000000081a00000, 0x0000000100000000)
  region size 1024K, 3 young (3072K), 3 survivors (3072K)
 Metaspace       used 28168K, committed 28480K, reserved 1114112K
  class space    used 2978K, committed 3136K, reserved 1048576K
}

