# JRE version: OpenJDK Runtime Environment (21.0.5) (build 21.0.5+-13047016-b750.29)
# Java VM: OpenJDK 64-Bit Server VM (21.0.5+-13047016-b750.29, mixed mode, tiered, compressed oops, compressed class ptrs, g1 gc, windows-amd64)
GC Precious Log:
 CardTable entry size: 512
 Card Set container configuration: InlinePtr #cards 5 size 8 Array Of Cards #cards 12 size 40 Howl #buckets 4 coarsen threshold 1843 Howl Bitmap #cards 512 size 80 coarsen threshold 460 Card regions per heap region 1 cards per card region 2048
 CPUs: 8 total, 8 available
 Memory: 8083M
 Large Page Support: Disabled
 NUMA Support: Disabled
 Compressed Oops: Enabled (32-bit)
 Heap Region Size: 1M
 Heap Min Capacity: 8M
 Heap Initial Capacity: 128M
 Heap Max Capacity: 2022M
 Pre-touch: Disabled
 Parallel Workers: 8
 Concurrent Workers: 2
 Concurrent Refinement Workers: 8
 Periodic GC: Disabled
Heap:
 garbage-first heap   total 89088K, used 55848K [0x0000000081a00000, 0x0000000100000000)
  region size 1024K, 37 young (37888K), 3 survivors (3072K)
 Metaspace       used 29628K, committed 29952K, reserved 1114112K
  class space    used 3117K, committed 3264K, reserved 1048576K
GC Heap History (20 events):
Event: 2.459 GC heap before
{Heap before GC invocations=2 (full 0):
 garbage-first heap   total 131072K, used 14395K [0x0000000081a00000, 0x0000000100000000)
  region size 1024K, 12 young (12288K), 3 survivors (3072K)
 Metaspace       used 21304K, committed 21504K, reserved 1114112K
  class space    used 2339K, committed 2432K, reserved 1048576K
}
Event: 2.465 GC heap after
{Heap after GC invocations=3 (full 0):
 garbage-first heap   total 131072K, used 7202K [0x0000000081a00000, 0x0000000100000000)
  region size 1024K, 4 young (4096K), 4 survivors (4096K)
 Metaspace       used 21304K, committed 21504K, reserved 1114112K
  class space    used 2339K, committed 2432K, reserved 1048576K
}
Event: 3.139 GC heap before
{Heap before GC invocations=4 (full 0):
 garbage-first heap   total 27648K, used 26658K [0x0000000081a00000, 0x0000000100000000)
  region size 1024K, 23 young (23552K), 4 survivors (4096K)
 Metaspace       used 24614K, committed 24832K, reserved 1114112K
  class space    used 2684K, committed 2752K, reserved 1048576K
}
Event: 3.151 GC heap after
{Heap after GC invocations=5 (full 0):
 garbage-first heap   total 33792K, used 9621K [0x0000000081a00000, 0x0000000100000000)
  region size 1024K, 6 young (6144K), 6 survivors (6144K)
 Metaspace       used 24614K, committed 24832K, reserved 1114112K
  class space    used 2684K, committed 2752K, reserved 1048576K
}
Event: 3.417 GC heap before
{Heap before GC invocations=5 (full 0):
 garbage-first heap   total 33792K, used 22933K [0x0000000081a00000, 0x0000000100000000)
  region size 1024K, 19 young (19456K), 6 survivors (6144K)
 Metaspace       used 24965K, committed 25152K, reserved 1114112K
  class space    used 2709K, committed 2752K, reserved 1048576K
}
Event: 3.434 GC heap after
{Heap after GC invocations=6 (full 0):
 garbage-first heap   total 33792K, used 11166K [0x0000000081a00000, 0x0000000100000000)
  region size 1024K, 2 young (2048K), 2 survivors (2048K)
 Metaspace       used 24965K, committed 25152K, reserved 1114112K
  class space    used 2709K, committed 2752K, reserved 1048576K
}
Event: 3.775 GC heap before
{Heap before GC invocations=6 (full 0):
 garbage-first heap   total 33792K, used 26526K [0x0000000081a00000, 0x0000000100000000)
  region size 1024K, 18 young (18432K), 2 survivors (2048K)
 Metaspace       used 25433K, committed 25728K, reserved 1114112K
  class space    used 2759K, committed 2880K, reserved 1048576K
}
Event: 3.785 GC heap after
{Heap after GC invocations=7 (full 0):
 garbage-first heap   total 43008K, used 13872K [0x0000000081a00000, 0x0000000100000000)
  region size 1024K, 3 young (3072K), 3 survivors (3072K)
 Metaspace       used 25433K, committed 25728K, reserved 1114112K
  class space    used 2759K, committed 2880K, reserved 1048576K
}
Event: 4.173 GC heap before
{Heap before GC invocations=7 (full 0):
 garbage-first heap   total 43008K, used 34352K [0x0000000081a00000, 0x0000000100000000)
  region size 1024K, 23 young (23552K), 3 survivors (3072K)
 Metaspace       used 25612K, committed 25856K, reserved 1114112K
  class space    used 2762K, committed 2880K, reserved 1048576K
}
Event: 4.180 GC heap after
{Heap after GC invocations=8 (full 0):
 garbage-first heap   total 43008K, used 14959K [0x0000000081a00000, 0x0000000100000000)
  region size 1024K, 2 young (2048K), 2 survivors (2048K)
 Metaspace       used 25612K, committed 25856K, reserved 1114112K
  class space    used 2762K, committed 2880K, reserved 1048576K
}
Event: 4.592 GC heap before
{Heap before GC invocations=8 (full 0):
 garbage-first heap   total 43008K, used 34415K [0x0000000081a00000, 0x0000000100000000)
  region size 1024K, 21 young (21504K), 2 survivors (2048K)
 Metaspace       used 25846K, committed 26112K, reserved 1114112K
  class space    used 2763K, committed 2880K, reserved 1048576K
}
Event: 4.598 GC heap after
{Heap after GC invocations=9 (full 0):
 garbage-first heap   total 43008K, used 16658K [0x0000000081a00000, 0x0000000100000000)
  region size 1024K, 2 young (2048K), 2 survivors (2048K)
 Metaspace       used 25846K, committed 26112K, reserved 1114112K
  class space    used 2763K, committed 2880K, reserved 1048576K
}
Event: 4.900 GC heap before
{Heap before GC invocations=9 (full 0):
 garbage-first heap   total 43008K, used 35090K [0x0000000081a00000, 0x0000000100000000)
  region size 1024K, 20 young (20480K), 2 survivors (2048K)
 Metaspace       used 26134K, committed 26432K, reserved 1114112K
  class space    used 2778K, committed 2944K, reserved 1048576K
}
Event: 4.906 GC heap after
{Heap after GC invocations=10 (full 0):
 garbage-first heap   total 43008K, used 18704K [0x0000000081a00000, 0x0000000100000000)
  region size 1024K, 3 young (3072K), 3 survivors (3072K)
 Metaspace       used 26134K, committed 26432K, reserved 1114112K
  class space    used 2778K, committed 2944K, reserved 1048576K
}
Event: 5.384 GC heap before
{Heap before GC invocations=10 (full 0):
 garbage-first heap   total 43008K, used 33040K [0x0000000081a00000, 0x0000000100000000)
  region size 1024K, 18 young (18432K), 3 survivors (3072K)
 Metaspace       used 27084K, committed 27328K, reserved 1114112K
  class space    used 2883K, committed 3008K, reserved 1048576K
}
Event: 5.393 GC heap after
{Heap after GC invocations=11 (full 0):
 garbage-first heap   total 52224K, used 19929K [0x0000000081a00000, 0x0000000100000000)
  region size 1024K, 2 young (2048K), 2 survivors (2048K)
 Metaspace       used 27084K, committed 27328K, reserved 1114112K
  class space    used 2883K, committed 3008K, reserved 1048576K
}
Event: 5.394 GC heap before
{Heap before GC invocations=11 (full 0):
 garbage-first heap   total 52224K, used 28121K [0x0000000081a00000, 0x0000000100000000)
  region size 1024K, 3 young (3072K), 2 survivors (2048K)
 Metaspace       used 27084K, committed 27328K, reserved 1114112K
  class space    used 2883K, committed 3008K, reserved 1048576K
}
Event: 5.398 GC heap after
{Heap after GC invocations=12 (full 0):
 garbage-first heap   total 52224K, used 27905K [0x0000000081a00000, 0x0000000100000000)
  region size 1024K, 1 young (1024K), 1 survivors (1024K)
 Metaspace       used 27084K, committed 27328K, reserved 1114112K
  class space    used 2883K, committed 3008K, reserved 1048576K
}
Event: 5.903 GC heap before
{Heap before GC invocations=13 (full 0):
 garbage-first heap   total 89088K, used 70913K [0x0000000081a00000, 0x0000000100000000)
  region size 1024K, 19 young (19456K), 1 survivors (1024K)
 Metaspace       used 28125K, committed 28480K, reserved 1114112K
  class space    used 2974K, committed 3136K, reserved 1048576K
}
Event: 5.911 GC heap after
{Heap after GC invocations=14 (full 0):
 garbage-first heap   total 89088K, used 21032K [0x0000000081a00000, 0x0000000100000000)
  region size 1024K, 3 young (3072K), 3 survivors (3072K)
 Metaspace       used 28125K, committed 28480K, reserved 1114112K
  class space    used 2974K, committed 3136K, reserved 1048576K
}

